========================================
Run at: Mon Mar  2 22:02:00 CST 2026
========================================
Print list of ec2 buckets
Print list of ec2 buckets
"i-0ed6008da2176a782"
Print list of lambda functions
{
    "Functions": []
}
Print list of IAM Users
{
    "Users": [
        {
            "Path": "/",
            "UserName": "dami2",
            "UserId": "AIDA5G5JAEJI53G6TTFOT",
            "Arn": "arn:aws:iam::908203139665:user/dami2",
            "CreateDate": "2026-01-16T02:40:54+00:00",
            "PasswordLastUsed": "2026-02-25T02:58:34+00:00"
        }
    ]
}
========================================
Run at: Mon Mar  2 22:04:00 CST 2026
========================================
Print list of ec2 buckets
Print list of ec2 buckets
"i-0ed6008da2176a782"
Print list of lambda functions
{
    "Functions": []
}
Print list of IAM Users
{
    "Users": [
        {
            "Path": "/",
            "UserName": "dami2",
            "UserId": "AIDA5G5JAEJI53G6TTFOT",
            "Arn": "arn:aws:iam::908203139665:user/dami2",
            "CreateDate": "2026-01-16T02:40:54+00:00",
            "PasswordLastUsed": "2026-02-25T02:58:34+00:00"
        }
    ]
}
========================================
Run at: Mon Mar  2 22:05:00 CST 2026
========================================
Print list of ec2 buckets
Print list of ec2 buckets
"i-0ed6008da2176a782"
Print list of lambda functions
{
    "Functions": []
}
Print list of IAM Users
{
    "Users": [
        {
            "Path": "/",
            "UserName": "dami2",
            "UserId": "AIDA5G5JAEJI53G6TTFOT",
            "Arn": "arn:aws:iam::908203139665:user/dami2",
            "CreateDate": "2026-01-16T02:40:54+00:00",
            "PasswordLastUsed": "2026-02-25T02:58:34+00:00"
        }
    ]
}
========================================
Run at: Mon Mar  2 22:06:00 CST 2026
========================================
Print list of ec2 buckets
Print list of ec2 buckets
"i-0ed6008da2176a782"
Print list of lambda functions
{
    "Functions": []
}
Print list of IAM Users
{
    "Users": [
        {
            "Path": "/",
            "UserName": "dami2",
            "UserId": "AIDA5G5JAEJI53G6TTFOT",
            "Arn": "arn:aws:iam::908203139665:user/dami2",
            "CreateDate": "2026-01-16T02:40:54+00:00",
            "PasswordLastUsed": "2026-02-25T02:58:34+00:00"
        }
    ]
}
========================================
Run at: Mon Mar  2 22:07:00 CST 2026
========================================
Print list of ec2 buckets
Print list of ec2 buckets
"i-0ed6008da2176a782"
Print list of lambda functions
{
    "Functions": []
}
Print list of IAM Users
{
    "Users": [
        {
            "Path": "/",
            "UserName": "dami2",
            "UserId": "AIDA5G5JAEJI53G6TTFOT",
            "Arn": "arn:aws:iam::908203139665:user/dami2",
            "CreateDate": "2026-01-16T02:40:54+00:00",
            "PasswordLastUsed": "2026-02-25T02:58:34+00:00"
        }
    ]
}
========================================
Run at: Mon Mar  2 22:08:00 CST 2026
========================================
Print list of ec2 buckets
Print list of ec2 buckets
"i-0ed6008da2176a782"
Print list of lambda functions
{
    "Functions": []
}
Print list of IAM Users
{
    "Users": [
        {
            "Path": "/",
            "UserName": "dami2",
            "UserId": "AIDA5G5JAEJI53G6TTFOT",
            "Arn": "arn:aws:iam::908203139665:user/dami2",
            "CreateDate": "2026-01-16T02:40:54+00:00",
            "PasswordLastUsed": "2026-02-25T02:58:34+00:00"
        }
    ]
}
========================================
Run at: Mon Mar  2 22:09:00 CST 2026
========================================
Print list of ec2 buckets
Print list of ec2 buckets
"i-0ed6008da2176a782"
Print list of lambda functions
{
    "Functions": []
}
Print list of IAM Users
{
    "Users": [
        {
            "Path": "/",
            "UserName": "dami2",
            "UserId": "AIDA5G5JAEJI53G6TTFOT",
            "Arn": "arn:aws:iam::908203139665:user/dami2",
            "CreateDate": "2026-01-16T02:40:54+00:00",
            "PasswordLastUsed": "2026-02-25T02:58:34+00:00"
        }
    ]
}
========================================
Run at: Mon Mar  2 22:10:00 CST 2026
========================================
Print list of ec2 buckets
Print list of ec2 buckets
"i-0ed6008da2176a782"
Print list of lambda functions
{
    "Functions": []
}
Print list of IAM Users
{
    "Users": [
        {
            "Path": "/",
            "UserName": "dami2",
            "UserId": "AIDA5G5JAEJI53G6TTFOT",
            "Arn": "arn:aws:iam::908203139665:user/dami2",
            "CreateDate": "2026-01-16T02:40:54+00:00",
            "PasswordLastUsed": "2026-02-25T02:58:34+00:00"
        }
    ]
}
========================================
Run at: Mon Mar  2 22:11:01 CST 2026
========================================
Print list of ec2 buckets
Print list of ec2 buckets
"i-0ed6008da2176a782"
Print list of lambda functions
{
    "Functions": []
}
Print list of IAM Users
{
    "Users": [
        {
            "Path": "/",
            "UserName": "dami2",
            "UserId": "AIDA5G5JAEJI53G6TTFOT",
            "Arn": "arn:aws:iam::908203139665:user/dami2",
            "CreateDate": "2026-01-16T02:40:54+00:00",
            "PasswordLastUsed": "2026-02-25T02:58:34+00:00"
        }
    ]
}
========================================
Run at: Mon Mar  2 22:12:00 CST 2026
========================================
Print list of ec2 buckets
Print list of ec2 buckets
"i-0ed6008da2176a782"
Print list of lambda functions
{
    "Functions": []
}
Print list of IAM Users
{
    "Users": [
        {
            "Path": "/",
            "UserName": "dami2",
            "UserId": "AIDA5G5JAEJI53G6TTFOT",
            "Arn": "arn:aws:iam::908203139665:user/dami2",
            "CreateDate": "2026-01-16T02:40:54+00:00",
            "PasswordLastUsed": "2026-02-25T02:58:34+00:00"
        }
    ]
}
========================================
Run at: Mon Mar  2 22:13:00 CST 2026
========================================
Print list of ec2 buckets
Print list of ec2 buckets
"i-0ed6008da2176a782"
Print list of lambda functions
{
    "Functions": []
}
Print list of IAM Users
{
    "Users": [
        {
            "Path": "/",
            "UserName": "dami2",
            "UserId": "AIDA5G5JAEJI53G6TTFOT",
            "Arn": "arn:aws:iam::908203139665:user/dami2",
            "CreateDate": "2026-01-16T02:40:54+00:00",
            "PasswordLastUsed": "2026-02-25T02:58:34+00:00"
        }
    ]
}
========================================
Run at: Mon Mar  2 22:14:00 CST 2026
========================================
Print list of ec2 buckets
Print list of ec2 buckets
"i-0ed6008da2176a782"
Print list of lambda functions
{
    "Functions": []
}
Print list of IAM Users
{
    "Users": [
        {
            "Path": "/",
            "UserName": "dami2",
            "UserId": "AIDA5G5JAEJI53G6TTFOT",
            "Arn": "arn:aws:iam::908203139665:user/dami2",
            "CreateDate": "2026-01-16T02:40:54+00:00",
            "PasswordLastUsed": "2026-02-25T02:58:34+00:00"
        }
    ]
}
========================================
Run at: Mon Mar  2 22:15:00 CST 2026
========================================
Print list of ec2 buckets
Print list of ec2 buckets
"i-0ed6008da2176a782"
Print list of lambda functions
{
    "Functions": []
}
Print list of IAM Users
{
    "Users": [
        {
            "Path": "/",
            "UserName": "dami2",
            "UserId": "AIDA5G5JAEJI53G6TTFOT",
            "Arn": "arn:aws:iam::908203139665:user/dami2",
            "CreateDate": "2026-01-16T02:40:54+00:00",
            "PasswordLastUsed": "2026-02-25T02:58:34+00:00"
        }
    ]
}
========================================
Run at: Mon Mar  2 22:16:00 CST 2026
========================================
Print list of ec2 buckets
Print list of ec2 buckets
"i-0ed6008da2176a782"
Print list of lambda functions
{
    "Functions": []
}
Print list of IAM Users
{
    "Users": [
        {
            "Path": "/",
            "UserName": "dami2",
            "UserId": "AIDA5G5JAEJI53G6TTFOT",
            "Arn": "arn:aws:iam::908203139665:user/dami2",
            "CreateDate": "2026-01-16T02:40:54+00:00",
            "PasswordLastUsed": "2026-02-25T02:58:34+00:00"
        }
    ]
}
========================================
Run at: Mon Mar  2 22:17:00 CST 2026
========================================
Print list of ec2 buckets
Print list of ec2 buckets
"i-0ed6008da2176a782"
Print list of lambda functions
{
    "Functions": []
}
Print list of IAM Users
{
    "Users": [
        {
            "Path": "/",
            "UserName": "dami2",
            "UserId": "AIDA5G5JAEJI53G6TTFOT",
            "Arn": "arn:aws:iam::908203139665:user/dami2",
            "CreateDate": "2026-01-16T02:40:54+00:00",
            "PasswordLastUsed": "2026-02-25T02:58:34+00:00"
        }
    ]
}
========================================
Run at: Mon Mar  2 22:18:00 CST 2026
========================================
Print list of ec2 buckets
Print list of ec2 buckets
"i-0ed6008da2176a782"
Print list of lambda functions
{
    "Functions": []
}
Print list of IAM Users
{
    "Users": [
        {
            "Path": "/",
            "UserName": "dami2",
            "UserId": "AIDA5G5JAEJI53G6TTFOT",
            "Arn": "arn:aws:iam::908203139665:user/dami2",
            "CreateDate": "2026-01-16T02:40:54+00:00",
            "PasswordLastUsed": "2026-02-25T02:58:34+00:00"
        }
    ]
}
